<?xml version="1.0" encoding="UTF-8"?>
<!-- Generated by org.testng.reporters.JUnitXMLReporter -->
<testsuite hostname="users-MacBook-Pro.local" ignored="0" name="Default test" tests="2" failures="0" timestamp="2021-04-03T16:33:28 EDT" time="0.056" errors="0">
  <testcase name="BrowserAutomation" time="0.008" classname="rMavenProject.rahulMavenProject.SeleniumTest"/>
  <testcase name="elementsUi" time="0.001" classname="rMavenProject.rahulMavenProject.SeleniumTest"/>
</testsuite> <!-- Default test -->
