<?xml version="1.0" encoding="UTF-8"?>
<testng-results skipped="0" failed="0" ignored="0" total="2" passed="2">
  <reporter-output>
  </reporter-output>
  <suite name="Default suite" duration-ms="56" started-at="2021-04-03T16:33:28 EDT" finished-at="2021-04-03T16:33:28 EDT">
    <groups>
    </groups>
    <test name="Default test" duration-ms="56" started-at="2021-04-03T16:33:28 EDT" finished-at="2021-04-03T16:33:28 EDT">
      <class name="rMavenProject.rahulMavenProject.SeleniumTest">
        <test-method status="PASS" signature="BrowserAutomation()[pri:0, instance:rMavenProject.rahulMavenProject.SeleniumTest@12cdcf4]" name="BrowserAutomation" duration-ms="8" started-at="2021-04-03T16:33:28 EDT" finished-at="2021-04-03T16:33:28 EDT">
          <reporter-output>
          </reporter-output>
        </test-method> <!-- BrowserAutomation -->
        <test-method status="PASS" signature="elementsUi()[pri:0, instance:rMavenProject.rahulMavenProject.SeleniumTest@12cdcf4]" name="elementsUi" duration-ms="1" started-at="2021-04-03T16:33:28 EDT" finished-at="2021-04-03T16:33:28 EDT">
          <reporter-output>
          </reporter-output>
        </test-method> <!-- elementsUi -->
      </class> <!-- rMavenProject.rahulMavenProject.SeleniumTest -->
    </test> <!-- Default test -->
  </suite> <!-- Default suite -->
</testng-results>
