<?xml version="1.0" encoding="UTF-8"?>
<!-- Generated by org.testng.reporters.JUnitXMLReporter -->
<testsuite hostname="users-MacBook-Pro.local" ignored="0" name="Test" tests="4" failures="0" timestamp="2021-04-03T16:26:26 EDT" time="0.061" errors="0">
  <testcase name="BrowserAutomation" time="0.008" classname="rMavenProject.rahulMavenProject.SeleniumTest"/>
  <testcase name="elementsUi" time="0.001" classname="rMavenProject.rahulMavenProject.SeleniumTest"/>
  <testcase name="NativeAppAndroid" time="0.002" classname="rMavenProject.rahulMavenProject.AppiumTest"/>
  <testcase name="iOSaPP" time="0.002" classname="rMavenProject.rahulMavenProject.AppiumTest"/>
</testsuite> <!-- Test -->
